make.exe all --print-data-base --no-builtin-variables --no-builtin-rules --question
# GNU Make 3.81
# Copyright (C) 2006  Free Software Foundation, Inc.
# This is free software; see the source for copying conditions.
# There is NO warranty; not even for MERCHANTABILITY or FITNESS FOR A
# PARTICULAR PURPOSE.

# This program built for i386-pc-mingw32
 

# Make data base, printed on Tue Aug 09 12:01:02 2022

# Variables

# automatic
<D = $(patsubst %/,%,$(dir $<))
# automatic
?F = $(notdir $?)
# makefile (from `makefile', line 137)
LDSCRIPT = STM32F103C8Tx_FLASH.ld
# makefile
MAKEFLAGS = Rrqp
# makefile (from `makefile', line 16)
TARGET = hellobluepill2022STM32F103C8Tx
# automatic
?D = $(patsubst %/,%,$(dir $?))
# makefile (from `makefile', line 99)
AS_DEFS = 
# makefile (from `makefile', line 108)
AS_INCLUDES = 
# automatic
@D = $(patsubst %/,%,$(dir $@)) 

# environment
HOMEDRIVE = C:
# automatic
@F = $(notdir $@)
# automatic
^D = $(patsubst %/,%,$(dir $^))
# makefile
CURDIR := c:/bluepill/hellobluepill2022/hellobluepillSTM32F103C8Tx
# default
SHELL := sh.exe
# makefile (from `makefile', line 80)
BIN = $(CP) -O binary -S
# environment
WINDIR = C:\Windows
# environment
VSCODE_NLS_CONFIG = {"locale":"pt-br","availableLanguages":{},"_languagePackSupport":true}
# makefile (from `makefile', line 77)
SZ = $(PREFIX)size
# environment
VBOX_MSI_INSTALL_PATH = C:\Program Files\Oracle\VirtualBox\
# makefile (from `makefile', line 130)
CFLAGS = $(MCU) $(C_DEFS) $(C_INCLUDES) $(OPT) -Wall -fdata-sections -ffunction-sections -g -gdwarf-2 -MMD -MP -MF"$(@:%.o=%.d)"
# environment
ONEDRIVE = D:\Documentos\OneDrive - utfpr.edu.br
# environment
MOSQUITTO_DIR = C:\Program Files\mosquitto
# environment
PATHEXT = .COM;.EXE;.BAT;.CMD;.VBS;.VBE;.JS;.JSE;.WSF;.WSH;.MSC;.PY;.PYW
# makefile (from `makefile', line 1)
MAKEFILE_LIST :=  makefile
# environment
FPS_BROWSER_USER_PROFILE_STRIN 
G = Default
# makefile (from `makefile', line 76)
CP = $(PREFIX)objcopy
# makefile (from `makefile', line 23)
DEBUG = 1
# environment
TMP = C:\Users\Ohara\AppData\Local\Temp
# makefile (from `makefile', line 75)
AS = $(PREFIX)gcc -x assembler-with-cpp
# environment
PROGRAMW6432 = C:\Program Files
# environment
PROGRAMDATA = C:\ProgramData
# environment
SNG_SERVICE = C:\Program Files\Intelbras\SIMNext\Local Recording Service\SIMNext.LocalRecording.exe
# environment
VSCODE_CWD = C:\Users\Ohara\AppData\Local\Programs\Microsoft VS Code
# environment
PATH = C:\Python310\Scripts\;C:\Python310\;C:\Program Files (x86)\Common Files\Oracle\Java\javapath;C:\Windows\system32;C:\Windows;C:\Windows\System32\Wbem;C:\Windows\System32\WindowsPowerShell\v1.0\;C:\Windows\System32\OpenSSH\;C:\Program Files\MiKTeX\miktex\bin\x64\;C:\Program Files\MATLAB\R2021a\runtime\win64;C:\Program Files\MATLAB\R2021a\bin;C:\Program Files\Git\cmd;C:\Program Files\TortoiseGit\bin;C:\Program Files\nodejs\;C:\ProgramData\chocolatey\bin;C:\Users\Ohara\AppData\Local\Microsoft\WindowsApps;C:\arm-gcc\tools\gcc-arm-none-eabi-10-2020-q4-major\bin;C:\arm-gcc\tools\openocd-20200729\OpenOCD-20200729-0.10.0\bin;C:\arm-gcc\tools\make-3.81-bin\bin;C:\Users\Ohara\AppData\Local\Programs\Microsoft VS Code\bin;C:\arm-gcc\tools\stlink-1.6.1-i686-w64-mingw32\bin;C:\Program Files\mosquitto;C:\Users\Ohara\AppData\Roaming\npm
# environment
COMMONPROGRAMW6432 = C:\Program Files\Common Files
# environment
ZES_ENABLE_SYSMAN = 1
# environment
CHOCOLATEYLASTPATHUPDATE = 132943509505998870
# environment
PROCESSOR_ARCHITECTURE = x86
# environment
USERPROFILE = C:\Users\Ohara
# environment
CHOCOLATEYINSTALL = C:\ProgramData\chocolatey
# environment
ALLUSERSPROFILE = C:\ProgramData
# environment
NUMBER_OF_PROCESSORS = 6
# environment
ELECTRON_RUN_AS_NODE = 1
# makefile (from `makefile', line 142)
LDFLAGS = $(MCU) -specs=nano.specs -T$(LDSCRIPT) $(LIBDIR) $(LIBS) -Wl,-Map=$(BUILD_DIR)/$(TARGET).map,--cref -Wl,--gc-sections
# default
.FEATURES := target-specific order-only second-e 
xpansion else-if archives
# automatic
%F = $(notdir $%)
# environment
CHROME_CRASHPAD_PIPE_NAME = \\.\pipe\crashpad_13492_PHKXLPJCBVHZVYSI
# makefile (from `makefile', line 58)
ASM_SOURCES = startup_stm32f103xb.s
# makefile (from `makefile', line 25)
OPT = -O0
# environment
COMPUTERNAME = DESKTOP-OQBN5SJ
# environment
PROGRAMFILES = C:\Program Files (x86)
# environment
DRIVERDATA = C:\Windows\System32\Drivers\DriverData
# environment
ORIGINAL_XDG_CURRENT_DESKTOP = undefined
# environment
USERNAME = Ohara
# environment
PUBLIC = C:\Users\Public
# environment
VSCODE_AMD_ENTRYPOINT = vs/workbench/api/node/extensionHostProcess
# environment
VSCODE_CODE_CACHE_PATH = C:\Users\Ohara\AppData\Roaming\Code\CachedData\3b889b090b5ad5793f524b5d1d39fda662b96a2a
# environment
APPLICATION_INSIGHTS_NO_DIAGNOSTIC_CHANNEL = true
# environment
COMMONPROGRAMFILES = C:\Program Files (x86)\Common Files
# environment
LOGONSERVER = \\DESKTOP-OQBN5SJ
# makefile (from `makefile', line 65)
PREFIX = arm-none-eabi-
# environment
VSCODE_HAN 
DLES_UNCAUGHT_ERRORS = true
# environment
USERDOMAIN = DESKTOP-OQBN5SJ
# makefile (from `makefile', line 102)
C_DEFS = -DUSE_HAL_DRIVER -DSTM32F103xB
# makefile (from `makefile', line 95)
MCU = $(CPU) -mthumb $(FPU) $(FLOAT-ABI)
# makefile (from `makefile', line 111)
C_INCLUDES = -ICore/Inc -IDrivers/STM32F1xx_HAL_Driver/Inc -IDrivers/STM32F1xx_HAL_Driver/Inc/Legacy -IDrivers/CMSIS/Device/ST/STM32F1xx/Include -IDrivers/CMSIS/Include
# default
MAKE = $(MAKE_COMMAND)
# default
MAKECMDGOALS := all
# makefile (from `makefile', line 79)
HEX = $(CP) -O ihex
# makefile (from `makefile', line 74)
CC = $(PREFIX)gcc
# makefile (from `makefile', line 32)
BUILD_DIR = build
# environment
ONEDRIVECOMMERCIAL = D:\Documentos\OneDrive - utfpr.edu.br
# makefile (from `makefile', line 120)
ASFLAGS = $(MCU) $(AS_DEFS) $(AS_INCLUDES) $(OPT) -Wall -fdata-sections -ffunction-sections
# default
MAKE_VERSION := 3.81
# makefile
.DEFAULT_GOAL := all
# environment
PROGRAMFILES(X86) = C:\Program Files (x86)
# automatic
%D = $(patsubst %/ 
,%,$(dir $%))
# makefile (from `makefile', line 86)
CPU = -mcpu=cortex-m3
# environment
LOCALAPPDATA = C:\Users\Ohara\AppData\Local
# environment
PSMODULEPATH = C:\Program Files\WindowsPowerShell\Modules;C:\Windows\system32\WindowsPowerShell\v1.0\Modules
# default
MAKE_COMMAND := make.exe
# environment
PROCESSOR_ARCHITEW6432 = AMD64
# makefile (from `makefile', line 141)
LIBDIR = 
# default
.VARIABLES := 
# automatic
*F = $(notdir $*)
# environment
PROCESSOR_IDENTIFIER = Intel64 Family 6 Model 158 Stepping  
13, GenuineIntel
# environment
OS = Windows_NT
# environment
VSCODE_IPC_HOOK = \\.\pipe\5784e4be25807437d16f9eaa0eba8d77-1.69.2-main-sock
# environment
HOMEPATH = \Users\Ohara
# environment
COMMONPROGRAMFILES(X86) = C:\Program Files (x86)\Common Files
# environment
PROMPT = $P$G
# environment
MFLAGS = -Rrqp
# automatic
*D = $(patsubst %/,%,$(dir $*))
# environment
SYSTEMROOT = C:\Windows
# automatic
+D = $(patsubst %/,%,$(dir $+))
# automatic
+F = $(notdir $+)
# environment
APPDATA = C:\Users\Ohara\AppData\Roaming
# environment
__COMPAT_LAYER = DetectorsAppHealth
# environment
TEMP = C:\Users\Ohara\AppData\Local\Temp
# environment
COMSPEC = C:\Windows\system32\cmd.exe
# default
MAKEFILES := 
# automatic
<F = $(notdir $<)
# environment
LC_ALL = C
# makefile (from `makefile', line 140)
LIBS = -lc -lm -lnosys 
# automatic
^F = $(notdir $^)
# makefile (from `makefile', line 38)
C_SOURCES = Core/Src/main.c Core/Src/stm32f1xx_it.c Core/Src/stm32f1xx_hal_msp.c Drivers/STM32F1xx_HAL_Driver/Src/stm32f1xx_hal_gpio_ex.c Drivers/STM32F1xx_HAL_Driver/Src/stm32f1xx_hal_tim.c Drivers/STM32F1xx_HAL_Driver/Src/stm32f1xx_hal_tim_ex.c Drivers/STM32F1xx_HAL_Driver/Src/stm32f1xx_hal.c Drivers/STM32F1xx_HAL_Driver/Src/stm32f1xx_hal_rcc.c Drivers/STM32F1xx_HAL_Driver/Src/stm32f1xx_hal_rcc_ex.c Drivers/STM32F1xx_HAL_Driver/Src/stm32f1xx_hal_gpio.c Drivers/STM32F1xx_HAL_Driver/Src/stm32f1xx_hal_dma.c Drivers/STM32F1xx_HAL_Driver/Src/stm32f1xx_hal_cortex.c Drivers/STM32F1xx_HAL_Driver/Src/stm32f1xx_hal_pwr.c Drivers/STM32F1xx_HAL_Driver 
/Src/stm32f1xx_hal_flash.c Drivers/STM32F1xx_HAL_Driver/Src/stm32f1xx_hal_flash_ex.c Drivers/STM32F1xx_HAL_Driver/Src/stm32f1xx_hal_exti.c Core/Src/system_stm32f1xx.c
# default
SUFFIXES := 
# environment
SYSTEMDRIVE = C:
# environment
SESSIONNAME = Console
# environment
PROCESSOR_REVISION = 9e0d
# environment
MAKELEVEL := 0
# makefile (from `makefile', line 155)
OBJECTS = $(addprefix $(BUILD_DIR)/,$(notdir $(C_SOURCES:.c=.o))) $(addprefix $(BUILD_DIR)/,$(notdir $(ASM_SOURCES:.s=.o)))
# environment
LANG = C
 
# environment
PROCESSOR_LEVEL = 6
# environment
FPS_BROWSER_APP_PROFILE_STRING = Internet Explorer
# environment
VSCODE_PID = 13492
# environment
USERDOMAIN_ROAMINGPROFILE = DESKTOP-OQBN5SJ
# variable set hash-table stats:
# Load=117/1024=11%, Rehash=0, Collisions=11/174=6%

# Pattern-specific Variable Values

# No pattern-specific variable values.

# Directories

# C:\Windows\System32\WindowsPowerShell\v1.0\ (key C:/Windows/System32/WindowsPowerShell/v1.0/, mtime 1604495803): 29 files, no impossibilities.
 
# C:\Windows\System32\Wbem (key C:/Windows/System32/Wbem, mtime 1657380687): 170 files, no impossibilities.
# . (key c:/bluepill/hellobluepill2022/hellobluepillSTM32F103C8Tx, mtime 1660057242): 11 files, no impossibilities.
# Core/Src (key c:/bluepill/hellobluepill2022/hellobluepillSTM32F103C8Tx/Core/Src, mtime 1660057239): 3 files, no impossibilities so far.
# C:\arm-gcc\tools\stlink-1.6.1-i686-w64-mingw32\bin (key C:/arm-gcc/tools/stlink-1.6.1-i686-w64-mingw32/bin, mtime 1613504909): 5 files, no impossibilities.
# C:\Users\Ohara\AppData\Local\Programs\Microsoft VS Code\bin (key C:/Users/Ohara/AppData/Local/Programs/Microsoft VS Code/bin, mtime 1659460845): 4 files, no impossibilities.
# C:\Program Files\MATLAB\R2021a\bin (key C:/Program Files/MATLAB/R2021a/bin, mtime 1620680727): 20 files, no impossibilities.
# C:\arm-gcc\tools\gcc-arm-none-eabi-10-2020-q4-major\bin (key C:/arm-gcc/tools/gcc-arm-none-eabi-10-2020-q4-major/bin, mtime 1612373871): 35 files, no impossibilities.
# C:\ProgramData\chocolatey\bin  
(key C:/ProgramData/chocolatey/bin, mtime 1649877350): 11 files, no impossibilities.
# C:\Program Files\nodejs\ (key C:/Program Files/nodejs/, mtime 1649877281): 13 files, no impossibilities.
# C:\Python310\ (key C:/Python310/, mtime 1649877438): 18 files, no impossibilities.
# C:\Users\Ohara\AppData\Roaming\npm (key C:/Users/Ohara/AppData/Roaming/npm, mtime 1649877940): 9 files, no impossibilities.
# C:\Python310\Scripts\ (key C:/Python310/Scripts/, mtime 1649877438): 5 files, no impossibilities.
# C:\Prog 
ram Files\TortoiseGit\bin (key C:/Program Files/TortoiseGit/bin, mtime 1646676293): 99 files, no impossibilities.
# build: could not be stat'd.
# C:\Windows\System32\OpenSSH\: could not be stat'd.
# C:\Program Files (x86)\Common Files\Oracle\Java\javapath (key C:/Program Files (x86)/Common Files/Oracle/Java/javapath, mtime 1644511845): 5 files, no impossibilities.
# C:\Windows (key C:/Windows, mtime 1659627416): 120 files, no impossibilities.
# C:\Users\Ohara\AppData\Local\Microsoft\WindowsApps (key C:/User 
s/Ohara/AppData/Local/Microsoft/WindowsApps, mtime 1659628047): 28 files, no impossibilities.
# C:\Program Files\MATLAB\R2021a\runtime\win64 (key C:/Program Files/MATLAB/R2021a/runtime/win64, mtime 1620680606): 10 files, no impossibilities.
# C:\Program Files\MiKTeX\miktex\bin\x64\ (key C:/Program Files/MiKTeX/miktex/bin/x64/, mtime 1604463317): 669 files, no impossibilities.
# C:\arm-gcc\tools\make-3.81-bin\bin (key C:/arm-gcc/tools/make-3.81-bin/bin, mtime 1612373904): 5 files, no impossibilities.
# C:\Pr 
ogram Files\Git\cmd (key C:/Program Files/Git/cmd, mtime 1623811831): 8 files, no impossibilities.
# C:\Windows\system32 (key C:/Windows/system32, mtime 1659968939): 2950 files, no impossibilities.
# C:\arm-gcc\tools\openocd-20200729\OpenOCD-20200729-0.10.0\bin (key C:/arm-gcc/tools/openocd-20200729/OpenOCD-20200729-0.10.0/bin, mtime 1612373906): 6 files, no impossibilities.
# C:\Program Files\mosquitto (key C:/Program Files/mosquitto, mtime 1648062100): 25 files, no impossibilities.
# Drivers/STM32F1xx_HAL 
_Driver/Src (key c:/bluepill/hellobluepill2022/hellobluepillSTM32F103C8Tx/Drivers/STM32F1xx_HAL_Driver/Src, mtime 1645036424): No files, no impossibilities so far.

# 4258 files, no impossibilities in 27 directories.

# Implicit Rules

build/%.o: %.c Makefile | build
#  commands to execute (from `makefile', line 159):
	$(CC) -c $(CFLAGS) -Wa,-a,-ad,-alms=$(BUILD_DIR)/$(notdir $(<:.c=.lst)) $< -o $@
	

build/%.o: %.s Makefile | build
#  commands to execute (from `makefile', line 162):
	$(AS) -c $(CFLAGS) $<  
-o $@
	

build/%.hex: build/%.elf | build
#  commands to execute (from `makefile', line 169):
	$(HEX) $< $@
	

build/%.bin: build/%.elf | build
#  commands to execute (from `makefile', line 172):
	$(BIN) $< $@	
	

# 4 implicit rules, 0 (0,0%) terminal.

# Files

# Not a target:
build/stm32f1xx_hal_msp.o:
#  Implicit rule search has not been done.
#  Modification time never checked.
#  File has not been updated.

build/main.o: Core/Src/main.c makefile | build
#  Implicit rule search has been done.
#  Implici 
t/static pattern stem: `main'
#  File does not exist.
#  File has been updated.
#  Needs to be updated (-q is set).
# variable set hash-table stats:
# Load=0/32=0%, Rehash=0, Collisions=0/2=0%
#  commands to execute (from `makefile', line 159):
	$(CC) -c $(CFLAGS) -Wa,-a,-ad,-alms=$(BUILD_DIR)/$(notdir $(<:.c=.lst)) $< -o $@
	

# Not a target:
build/stm32f1xx_hal_gpio.o:
#  Implicit rule search has not been done.
#  Modification time never checked.
#  File has not been updated.

# Not a target:
build/stm32f 
1xx_hal.o:
#  Implicit rule search has not been done.
#  Modification time never checked.
#  File has not been updated.

all: build/hellobluepill2022STM32F103C8Tx.elf build/hellobluepill2022STM32F103C8Tx.hex build/hellobluepill2022STM32F103C8Tx.bin
#  Command-line target.
#  Implicit rule search has been done.
#  File does not exist.
#  File has been updated.
#  Needs to be updated (-q is set).
# variable set hash-table stats:
# Load=0/32=0%, Rehash=0, Collisions=0/2=0%

# Not a target:
build/stm32f1xx_hal_rcc.o:
#  Implicit rule search has not been done.
#  Modification time never checked.
#  File has not been updated.

# Not a target:
.DEFAULT:
#  Implicit rule search has not been done.
#  Modification time never checked.
#  File has not been updated.

# Not a target:
build/stm32f1xx_hal_exti.o:
#  Implicit rule search has not been done.
#  Modification time never checked.
#  File has not been updated.

# Not a target:
build/startup_stm32f103xb.o:
#  Implicit rule search has not been done.
#  Modification t 
ime never checked.
#  File has not been updated.

# Not a target:
build/hellobluepill2022STM32F103C8Tx.bin:
#  Implicit rule search has not been done.
#  Modification time never checked.
#  File has not been updated.

# Not a target:
build/stm32f1xx_it.o:
#  Implicit rule search has not been done.
#  Modification time never checked.
#  File has not been updated.

# Not a target:
build/stm32f1xx_hal_gpio_ex.o:
#  Implicit rule search has not been done.
#  Modification time never checked.
#  File has not been 
 updated.

# Not a target:
makefile:
#  Implicit rule search has been done.
#  Last modified 2022-08-09 12:00:41
#  File has been updated.
#  Successfully updated.
# variable set hash-table stats:
# Load=0/32=0%, Rehash=0, Collisions=0/0=0%

build:
#  Implicit rule search has not been done.
#  Implicit/static pattern stem: `'
#  File does not exist.
#  File has been updated.
#  Needs to be updated (-q is set).
# automatic
# @ := build
# automatic
# % := 
# automatic
# * := 
# automatic
# + := 
# automatic
# 
 | := 
# automatic
# < := 
# automatic
# ^ := 
# automatic
# ? := 
# variable set hash-table stats:
# Load=8/32=25%, Rehash=0, Collisions=1/11=9%
#  commands to execute (from `makefile', line 175):
	mkdir $@		
	

# Not a target:
build/stm32f1xx_hal_rcc_ex.o:
#  Implicit rule search has not been done.
#  Modification time never checked.
#  File has not been updated.

# Not a target:
.SUFFIXES:
#  Implicit rule search has not been done.
#  Modification time never checked.
#  File has not been updated.

# Not  
a target:
build/stm32f1xx_hal_tim.o:
#  Implicit rule search has not been done.
#  Modification time never checked.
#  File has not been updated.

# Not a target:
build/system_stm32f1xx.o:
#  Implicit rule search has not been done.
#  Modification time never checked.
#  File has not been updated.

# Not a target:
build/stm32f1xx_hal_pwr.o:
#  Implicit rule search has not been done.
#  Modification time never checked.
#  File has not been updated.

clean:
#  Implicit rule search has not been done.
#  Modific 
ation time never checked.
#  File has not been updated.
#  commands to execute (from `makefile', line 181):
	rd /s /q $(BUILD_DIR)
	

# Not a target:
build/stm32f1xx_hal_flash.o:
#  Implicit rule search has not been done.
#  Modification time never checked.
#  File has not been updated.

# Not a target:
build/hellobluepill2022STM32F103C8Tx.hex:
#  Implicit rule search has not been done.
#  Modification time never checked.
#  File has not been updated.

# Not a target:
build/stm32f1xx_hal_dma.o:
#  Implicit  
rule search has not been done.
#  Modification time never checked.
#  File has not been updated.

# Not a target:
build/stm32f1xx_hal_tim_ex.o:
#  Implicit rule search has not been done.
#  Modification time never checked.
#  File has not been updated.

# Not a target:
Core/Src/main.c:
#  Implicit rule search has been done.
#  Last modified 2022-08-09 11:59:59
#  File has been updated.
#  Successfully updated.
# variable set hash-table stats:
# Load=0/32=0%, Rehash=0, Collisions=0/0=0%

# Not a target:
build/stm32f1xx_hal_cortex.o:
#  Implicit rule search has not been done.
#  Modification time never checked.
#  File has not been updated.

build/hellobluepill2022STM32F103C8Tx.elf: build/main.o build/stm32f1xx_it.o build/stm32f1xx_hal_msp.o build/stm32f1xx_hal_gpio_ex.o build/stm32f1xx_hal_tim.o build/stm32f1xx_hal_tim_ex.o build/stm32f1xx_hal.o build/stm32f1xx_hal_rcc.o build/stm32f1xx_hal_rcc_ex.o build/stm32f1xx_hal_gpio.o build/stm32f1xx_hal_dma.o build/stm32f1xx_hal_cortex.o build/stm32f1xx_hal_pwr.o buil 
d/stm32f1xx_hal_flash.o build/stm32f1xx_hal_flash_ex.o build/stm32f1xx_hal_exti.o build/system_stm32f1xx.o build/startup_stm32f103xb.o makefile
#  Implicit rule search has not been done.
#  File does not exist.
#  File has been updated.
#  Needs to be updated (-q is set).
# variable set hash-table stats:
# Load=0/32=0%, Rehash=0, Collisions=0/2=0%
#  commands to execute (from `makefile', line 165):
	$(CC) $(OBJECTS) $(LDFLAGS) -o $@
	$(SZ) $@
	

# Not a target:
build/stm32f1xx_hal_flash_ex.o:
#  Implicit ru 
le search has not been done.
#  Modification time never checked.
#  File has not been updated.

# files hash-table stats:
# Load=28/1024=3%, Rehash=0, Collisions=6/76=8%
# VPATH Search Paths

vpath %.c Core/Src;Drivers/STM32F1xx_HAL_Driver/Src

# 1 `vpath' search paths.

# No general (`VPATH' variable) search path.

# # of strings in strcache: 1
# # of strcache buffers: 1
# strcache size: total = 4096 / max = 4096 / min = 4096 / avg = 4096
# strcache free: total = 4087 / max = 4087 / min = 4087 / avg = 4087

# Finished Make data base on Tue Aug 09 12:01:02 2022

 
